Build started 12/7/2015 11:51:32 PM.
     1>Project "Z:\IGMProfile\Documents\CityPlane\NewEngine\CityPlane\E15s_MyEntityClass_VS13.vcxproj" on node 2 (Build target(s)).
     1>ClCompile:
         F:\Microsoft\Visual Studio Professional 2013\VC\bin\CL.exe /c /Zi /nologo /W3 /WX- /Od /Oy- /D DEBUG /D _MBCS /D _UNICODE /D UNICODE /Gm /EHsc /RTC1 /MDd /GS /fp:precise /Zc:wchar_t /Zc:forScope /Fo"Z:\IGMProfile\Documents\CityPlane\NewEngine\Z_DELETE\CityPlane\Debug\\" /Fd"Z:\IGMProfile\Documents\CityPlane\NewEngine\Z_DELETE\CityPlane\Debug\vc120.pdb" /Gd /TP /wd4251 /analyze- /errorReport:prompt /D _CRT_SECURE_NO_WARNINGS AppClass.cpp
         AppClass.cpp
     1>AppClass.cpp(37): warning C4018: '<' : signed/unsigned mismatch
     1>AppClass.cpp(51): warning C4244: '=' : conversion from 'int' to 'float', possible loss of data
     1>AppClass.cpp(52): warning C4305: 'argument' : truncation from 'int' to 'float'
     1>AppClass.cpp(60): warning C4305: 'argument' : truncation from 'int' to 'float'
     1>AppClass.cpp(68): warning C4305: 'argument' : truncation from 'int' to 'float'
     1>AppClass.cpp(83): warning C4244: 'initializing' : conversion from 'int' to 'float', possible loss of data
     1>AppClass.cpp(84): warning C4244: 'initializing' : conversion from 'int' to 'float', possible loss of data
     1>AppClass.cpp(85): warning C4244: 'argument' : conversion from 'float' to 'int', possible loss of data
     1>AppClass.cpp(129): warning C4244: '+=' : conversion from 'double' to 'float', possible loss of data
       ResourceCompile:
         C:\Program Files (x86)\Windows Kits\8.1\bin\x86\rc.exe /D _UNICODE /D UNICODE /l"0x0409" /nologo /fo"Z:\IGMProfile\Documents\CityPlane\NewEngine\Z_DELETE\CityPlane\Debug\BTO.res" ..\res\BTO.rc 
       Link:
         F:\Microsoft\Visual Studio Professional 2013\VC\bin\link.exe /ERRORREPORT:PROMPT /OUT:"Z:\IGMProfile\Documents\CityPlane\NewEngine\Z_DELETE\CityPlaneD.exe" /INCREMENTAL /NOLOGO ReEng_VS13_d.lib glu32.lib glew32.lib opengl32.lib "sfml-system.lib" "sfml-window.lib" kernel32.lib user32.lib gdi32.lib winspool.lib comdlg32.lib advapi32.lib shell32.lib ole32.lib oleaut32.lib uuid.lib odbc32.lib odbccp32.lib /MANIFEST /MANIFESTUAC:"level='asInvoker' uiAccess='false'" /manifest:embed /DEBUG /PDB:"Z:\IGMProfile\Documents\CityPlane\NewEngine\Z_DELETE\CityPlaneD.pdb" /TLBID:1 /DYNAMICBASE /NXCOMPAT /IMPLIB:"Z:\IGMProfile\Documents\CityPlane\NewEngine\Z_DELETE\CityPlaneD.lib" /MACHINE:X86 /PROFILE Z:\IGMProfile\Documents\CityPlane\NewEngine\Z_DELETE\CityPlane\Debug\BTO.res
         Z:\IGMProfile\Documents\CityPlane\NewEngine\Z_DELETE\CityPlane\Debug\AppClass.obj
         Z:\IGMProfile\Documents\CityPlane\NewEngine\Z_DELETE\CityPlane\Debug\AppClassControls.obj
         Z:\IGMProfile\Documents\CityPlane\NewEngine\Z_DELETE\CityPlane\Debug\Gamepad.obj
         Z:\IGMProfile\Documents\CityPlane\NewEngine\Z_DELETE\CityPlane\Debug\Main.obj
         Z:\IGMProfile\Documents\CityPlane\NewEngine\Z_DELETE\CityPlane\Debug\MyBOClass.obj
         Z:\IGMProfile\Documents\CityPlane\NewEngine\Z_DELETE\CityPlane\Debug\MyBOManager.obj
         Z:\IGMProfile\Documents\CityPlane\NewEngine\Z_DELETE\CityPlane\Debug\MyEntityClass.obj
         Z:\IGMProfile\Documents\CityPlane\NewEngine\Z_DELETE\CityPlane\Debug\MyEntityManager.obj
         Z:\IGMProfile\Documents\CityPlane\NewEngine\Z_DELETE\CityPlane\Debug\Player.obj
     1>LINK : warning LNK4075: ignoring '/INCREMENTAL' due to '/PROFILE' specification
         E15s_MyEntityClass_VS13.vcxproj -> Z:\IGMProfile\Documents\CityPlane\NewEngine\Z_DELETE\CityPlaneD.exe
       PostBuildEvent:
         mkdir “Z:\IGMProfile\Documents\CityPlane\NewEngine\_Binary\”
         xcopy "Z:\IGMProfile\Documents\CityPlane\NewEngine\include\GL\bin" "Z:\IGMProfile\Documents\CityPlane\NewEngine\_Binary" /y
         xcopy "Z:\IGMProfile\Documents\CityPlane\NewEngine\include\RE\bin" "Z:\IGMProfile\Documents\CityPlane\NewEngine\_Binary" /y
         xcopy "Z:\IGMProfile\Documents\CityPlane\NewEngine\include\SFML\bin\sfml-system-2.dll" "Z:\IGMProfile\Documents\CityPlane\NewEngine\_Binary" /y
         xcopy "Z:\IGMProfile\Documents\CityPlane\NewEngine\include\SFML\bin\sfml-window-2.dll" "Z:\IGMProfile\Documents\CityPlane\NewEngine\_Binary" /y
         mkdir “Z:\IGMProfile\Documents\CityPlane\NewEngine\_Binary\Shaders\”
         xcopy "Z:\IGMProfile\Documents\CityPlane\NewEngine\_Binary\Shaders" "Z:\IGMProfile\Documents\CityPlane\NewEngine\include\RE\Shaders" /y
         :VCEnd
         A subdirectory or file Z:\IGMProfile\Documents\CityPlane\NewEngine\_Binary\ already exists.
         Z:\IGMProfile\Documents\CityPlane\NewEngine\include\GL\bin\glew32.dll
         Z:\IGMProfile\Documents\CityPlane\NewEngine\include\GL\bin\glut32.dll
         2 File(s) copied
         Z:\IGMProfile\Documents\CityPlane\NewEngine\include\RE\bin\ReEng_VS13.dll
         Z:\IGMProfile\Documents\CityPlane\NewEngine\include\RE\bin\ReEng_VS13_d.dll
         Z:\IGMProfile\Documents\CityPlane\NewEngine\include\RE\bin\ReEng_VS15.dll
         Z:\IGMProfile\Documents\CityPlane\NewEngine\include\RE\bin\ReEng_VS15_d.dll
         4 File(s) copied
         Z:\IGMProfile\Documents\CityPlane\NewEngine\include\SFML\bin\sfml-system-2.dll
         1 File(s) copied
         Z:\IGMProfile\Documents\CityPlane\NewEngine\include\SFML\bin\sfml-window-2.dll
         1 File(s) copied
         A subdirectory or file Z:\IGMProfile\Documents\CityPlane\NewEngine\_Binary\Shaders\ already exists.
         Z:\IGMProfile\Documents\CityPlane\NewEngine\_Binary\Shaders\Basic.fs
         Z:\IGMProfile\Documents\CityPlane\NewEngine\_Binary\Shaders\Basic.vs
         Z:\IGMProfile\Documents\CityPlane\NewEngine\_Binary\Shaders\BasicColor.fs
         Z:\IGMProfile\Documents\CityPlane\NewEngine\_Binary\Shaders\BasicColor.vs
         Z:\IGMProfile\Documents\CityPlane\NewEngine\_Binary\Shaders\Color.fs
         Z:\IGMProfile\Documents\CityPlane\NewEngine\_Binary\Shaders\Color.vs
         Z:\IGMProfile\Documents\CityPlane\NewEngine\_Binary\Shaders\REShader.fs
         Z:\IGMProfile\Documents\CityPlane\NewEngine\_Binary\Shaders\REShader.vs
         Z:\IGMProfile\Documents\CityPlane\NewEngine\_Binary\Shaders\REShaderInv.fs
         Z:\IGMProfile\Documents\CityPlane\NewEngine\_Binary\Shaders\REShaderMC.fs
         Z:\IGMProfile\Documents\CityPlane\NewEngine\_Binary\Shaders\TextShader.fs
         Z:\IGMProfile\Documents\CityPlane\NewEngine\_Binary\Shaders\TextShader.vs
         12 File(s) copied
     1>Done Building Project "Z:\IGMProfile\Documents\CityPlane\NewEngine\CityPlane\E15s_MyEntityClass_VS13.vcxproj" (Build target(s)).

Build succeeded.

Time Elapsed 00:00:11.85
